Base path: 'C:/Program Files/Unity/Hub/Editor/2019.3.5f1/Editor/Data', plugins path 'C:/Program Files/Unity/Hub/Editor/2019.3.5f1/Editor/Data/PlaybackEngines'
Cmd: initializeCompiler
Cmd: compileComputeKernel
  error: 1 plat 18 at TerrainShader.compute(87): loop only executes for 0 iteration(s), forcing loop to unroll
  error: 1 plat 18 at TerrainShader.compute(97): loop only executes for 0 iteration(s), forcing loop to unroll
  error: 1 plat 18 at TerrainShader.compute(120): implicit truncation of vector type
  error: 1 plat 18 at TerrainShader.compute(161): implicit truncation of vector type
  error: 1 plat 18 at TerrainShader.compute(169): loop only executes for 0 iteration(s), forcing loop to unroll
  error: 1 plat 18 at TerrainShader.compute(179): loop only executes for 0 iteration(s), forcing loop to unroll
  error: 1 plat 18 at TerrainShader.compute(202): implicit truncation of vector type
  error: 1 plat 18 at TerrainShader.compute(301): implicit truncation of vector type
  error: 1 plat 18 at TerrainShader.compute(385): implicit truncation of vector type
  error: 1 plat 18 at TerrainShader.compute(391): implicit truncation of vector type
  api=18 insize=12024 outsize=52131 ok=1
Cmd: compileComputeKernel
  error: 1 plat 4 at TerrainShader.compute(120): implicit truncation of vector type
  error: 1 plat 4 at TerrainShader.compute(161): implicit truncation of vector type
  error: 1 plat 4 at TerrainShader.compute(202): implicit truncation of vector type
  error: 1 plat 4 at TerrainShader.compute(301): implicit truncation of vector type
  error: 1 plat 4 at TerrainShader.compute(385): implicit truncation of vector type
  error: 1 plat 4 at TerrainShader.compute(391): implicit truncation of vector type
  api=4 insize=12024 outsize=231 ok=1
